<?xml version="1.0" encoding="UTF-8"?>
<!-- Generated by org.testng.reporters.JUnitXMLReporter -->
<testsuite ignored="0" hostname="DESKTOP-SH3BACH" failures="0" tests="5" name="Default test" time="19.08" errors="0" timestamp="2024-05-30T17:26:47 EET">
  <testcase classname="FirstAutoTestCases" name="logIn" time="1.701"/>
  <testcase classname="FirstAutoTestCases" name="firstTestCases" time="1.694"/>
  <testcase classname="FirstAutoTestCases" name="removeFirstItem" time="4.694"/>
  <testcase classname="FirstAutoTestCases" name="checkCart" time="3.677"/>
  <testcase classname="FirstAutoTestCases" name="addItemandLogout" time="2.66"/>
</testsuite> <!-- Default test -->
